0 info it worked if it ends with ok
1 verbose cli [ 'C:\\Program Files\\nodejs\\\\node.exe',
1 verbose cli   'C:\\Program Files\\nodejs\\node_modules\\npm\\bin\\npm-cli.js',
1 verbose cli   'install',
1 verbose cli   '-f' ]
2 info using npm@1.2.14
3 info using node@v0.10.0
4 verbose node symlink C:\Program Files\nodejs\\node.exe
5 warn using --force I sure hope you know what you are doing.
6 verbose read json C:\prueba\finaljudc1\package.json
7 error install Couldn't read dependencies
8 error Error: Invalid name: "Plataforma judc 2013"
8 error     at validName (C:\Program Files\nodejs\node_modules\npm\node_modules\read-package-json\read-json.js:569:40)
8 error     at final (C:\Program Files\nodejs\node_modules\npm\node_modules\read-package-json\read-json.js:340:27)
8 error     at C:\Program Files\nodejs\node_modules\npm\node_modules\read-package-json\read-json.js:140:33
8 error     at cb (C:\Program Files\nodejs\node_modules\npm\node_modules\slide\lib\async-map.js:48:11)
8 error     at C:\Program Files\nodejs\node_modules\npm\node_modules\read-package-json\read-json.js:270:40
8 error     at fs.js:252:14
8 error     at Object.oncomplete (fs.js:93:15)
9 error If you need help, you may report this log at:
9 error     <http://github.com/isaacs/npm/issues>
9 error or email it to:
9 error     <npm-@googlegroups.com>
10 error System Windows_NT 6.1.7601
11 error command "C:\\Program Files\\nodejs\\\\node.exe" "C:\\Program Files\\nodejs\\node_modules\\npm\\bin\\npm-cli.js" "install" "-f"
12 error cwd C:\prueba\finaljudc1
13 error node -v v0.10.0
14 error npm -v 1.2.14
15 verbose exit [ 1, true ]
